<?xml version="1.0" encoding="UTF-8"?>
<testng-results skipped="0" failed="0" total="1" passed="1">
  <reporter-output>
  </reporter-output>
  <suite name="Default suite" duration-ms="11868" started-at="2020-07-26T03:57:14Z" finished-at="2020-07-26T03:57:26Z">
    <groups>
    </groups>
    <test name="Default test" duration-ms="11868" started-at="2020-07-26T03:57:14Z" finished-at="2020-07-26T03:57:26Z">
      <class name="tests.MainTest1Test">
        <test-method status="PASS" signature="launchbrowser()[pri:0, instance:tests.MainTest1Test@18be83e4]" name="launchbrowser" is-config="true" duration-ms="9376" started-at="2020-07-26T09:27:14Z" finished-at="2020-07-26T09:27:23Z">
          <reporter-output>
          </reporter-output>
        </test-method> <!-- launchbrowser -->
        <test-method status="PASS" signature="logintest()[pri:0, instance:tests.MainTest1Test@18be83e4]" name="logintest" duration-ms="1441" started-at="2020-07-26T09:27:23Z" finished-at="2020-07-26T09:27:25Z">
          <reporter-output>
          </reporter-output>
        </test-method> <!-- logintest -->
        <test-method status="PASS" signature="quitb()[pri:0, instance:tests.MainTest1Test@18be83e4]" name="quitb" is-config="true" duration-ms="1026" started-at="2020-07-26T09:27:25Z" finished-at="2020-07-26T09:27:26Z">
          <reporter-output>
          </reporter-output>
        </test-method> <!-- quitb -->
      </class> <!-- tests.MainTest1Test -->
    </test> <!-- Default test -->
  </suite> <!-- Default suite -->
</testng-results>
